WSAStartup OK
  version 2.2
  description 'WinSock 2.0'
  system status 'Running'
CGNet::Server socket 0x00000490
CGNet::Server(), SO_MAX_MSG_SIZE = -1
CGNet::Server(), SO_RCVBUF = 65536
CGNet::Server(), SO_SNDBUF = 65536
CGNet::TCPServer OK
dummy 1.00
Opening command line ''...
Opening command file 'G:\ETS2\tazwantedsourcecode\redump-id-123502\XBox\Babel\Gizmo\Config\AutoExec.cmd'...
Opening command line '%"G:\ETS2\tazwantedsourcecode\redump-id-123502\XBox\Babel\Gizmo\Config\AutoExec.cmd"'...
CNameServer::Login failed
Installing plugins from 'G:\ETS2\tazwantedsourcecode\redump-id-123502\XBox\Babel\Gizmo\Plugins'
CApplication::ValidateClasses: could not validate class 'CGelf3' {02157620-16bc-11d3-a2c4-005004070a9a} (this is normal during startup)
CApplication::ValidateClasses: could not validate class 'COBEMesh' {c82ce400-6f7c-11d4-adc9-00a0c9e084da} (this is normal during startup)
CApplication::ValidateClasses: could not validate class 'CToolBar' {f62436c4-728d-11d3-a847-000000000000} (this is normal during startup)
CApplication::ValidateClasses: could not validate class 'CWindowsMDI' {a7200580-16bd-11d3-a2c4-005004070a9a} (this is normal during startup)
CApplication::ValidateClasses: could not validate class 'CScrollPane' {ae8f3180-6779-11d3-a2c4-005004070a9a} (this is normal during startup)
CApplication::ValidateClasses: could not validate class 'CToolBar' {f62436c4-728d-11d3-a847-000000000000} (this is normal during startup)
CApplication::ValidateClasses: could not validate class 'CWindowsMDI' {a7200580-16bd-11d3-a2c4-005004070a9a} (this is normal during startup)
RegisterFileTypes: file types registered OK
CVersionControl::SaveSettings - *** COULD NOT READ FILE 'G:\ETS2\tazwantedsourcecode\redump-id-123502\XBox\Babel\Gizmo\Config\VersionControl.cfg' ***
SetAppMenu: 0x9750b67
OBEViewer Activated
CDisplay2::ScanTextures found 0 existing and 0 new textures (in 0ms)
CTools::ActivateTool - '3D Object Viewer' is now active
DirectDrawEnumerateEx: Found device 'display' 'Primary Display Driver' (NULL)
DirectDrawEnumerateEx: Found device '\\.\DISPLAY1' 'NVIDIA GeForce RTX 4060 Ti' (0x67685559, 0x3106, 0x11d0, 0xb9, 0x71, 0x00, 0xaa, 0x00, 0x34, 0x2f, 0x9f)
DirectDrawEnumerateEx: Found device '\\.\DISPLAY2' 'NVIDIA GeForce RTX 4060 Ti' (0x6768555a, 0x3106, 0x11d0, 0xb9, 0x71, 0x00, 0xaa, 0x00, 0x34, 0x2f, 0x9f)
DirectDrawEnumerateEx: Found device '\\.\DISPLAY3' 'NVIDIA GeForce RTX 4060 Ti' (0x6768555b, 0x3106, 0x11d0, 0xb9, 0x71, 0x00, 0xaa, 0x00, 0x34, 0x2f, 0x9f)
[CDisplay2::InitDX] Screen is 32bpp, starting at Z option 0 (32bpp)
CDisplay2 is using 24 bpp Z buffers
